
> kakeru-gatsby@1.0.0 develop
> gatsby develop -p 8001

success compile gatsby files - 2.040s

[2K[1A[2K[Gsuccess load gatsby config - 0.018s

[2K[1A[2K[Gsuccess load plugins - 0.511s

[2K[1A[2K[Gsuccess onPreInit - 0.002s

[2K[1A[2K[Gsuccess initialize cache - 0.017s

[2K[1A[2K[Gsuccess copy gatsby files - 0.048s

[2K[1A[2K[Gsuccess Compiling Gatsby Functions - 0.263s

[2K[1A[2K[Gsuccess onPreBootstrap - 0.282s

[2K[1A[2K[Gsuccess createSchemaCustomization - 0.003s

[2K[1A[2K[Gsuccess Clean up stale nodes - 0.004s - 2/0 0.00/s

[2K[1A[2K[Gsuccess Checking for changed pages - 0.000s

[2K[1A[2K[Gsuccess source and transform nodes - 0.093s

[2K[1A[2K[Gsuccess building schema - 0.129s

[2K[1A[2K[Gsuccess createPages - 0.002s

[2K[1A[2K[Gsuccess createPagesStatefully - 0.041s

[2K[1A[2K[Ginfo Total nodes: 56, SitePage nodes: 2 (use --verbose for breakdown)

[2K[1A[2K[Gsuccess Checking for changed pages - 0.000s

[2K[1A[2K[Gsuccess write out redirect data - 0.002s

[2K[1A[2K[Gsuccess onPostBootstrap - 0.001s

[2K[1A[2K[Ginfo bootstrap finished - 4.891s

[2K[1A[2K[Gsuccess onPreExtractQueries - 0.000s

[2K[1A[2K[Gsuccess extract queries from components - 0.226s

[2K[1A[2K[Gsuccess write out requires - 0.003s

[2K[1A[2K[G⠀

[2K[1A[2K[GYou can now view kakeru-gatsby in the browser.

[2K[1A[2K[G⠀

[2K[1A[2K[G  http://localhost:8001/

[2K[1A[2K[G⠀

[2K[1A[2K[GView GraphiQL, an in-browser IDE, to explore your site's data and schema

[2K[1A[2K[G⠀

[2K[1A[2K[G  http://localhost:8001/___graphql

[2K[1A[2K[G⠀

[2K[1A[2K[GNote that the development build is not optimized.

[2K[1A[2K[GTo create a production build, use gatsby build

[2K[1A[2K[G⠀

[2K[1A[2K[Gsuccess Building development bundle - 2.770s

[2K[1A[2K[Gsuccess Writing page-data.json and slice-data.json files to public directory -
0.083s - 2/2 24.15/s

[2K[1A[2K[Gsuccess onPreExtractQueries - 0.003s

[2K[1A[2K[Gsuccess extract queries from components - 0.028s

[2K[1A[2K[Gsuccess write out requires - 0.002s

[2K[1A[2K[Gsuccess Re-building development bundle - 0.413s

[2K[1A[2K[Gsuccess onPreExtractQueries - 0.002s

[2K[1A[2K[Gsuccess extract queries from components - 0.024s

[2K[1A[2K[Gsuccess write out requires - 0.001s

[2K[1A[2K[Gsuccess Re-building development bundle - 0.358s

[2K[1A[2K[Gsuccess onPreExtractQueries - 0.001s

[2K[1A[2K[Gsuccess extract queries from components - 0.015s

[2K[1A[2K[Gsuccess write out requires - 0.001s

[2K[1A[2K[Gwarn /home/tanim/port2/kakeru-gatsby/src/components/Values.js
  14:7  warning  'SectionTitle' is assigned a value but never used
no-unused-vars

✖ 1 problem (0 errors, 1 warning)

[2K[1A[2K[Gsuccess Re-building development bundle - 0.210s

[2K[1A[2K[Gsuccess onPreExtractQueries - 0.003s

[2K[1A[2K[Gsuccess extract queries from components - 0.031s

[2K[1A[2K[Gsuccess write out requires - 0.001s

[2K[1A[2K[Gwarn /home/tanim/port2/kakeru-gatsby/src/components/Events.js
  1:17  warning  'useEffect' is defined but never used  no-unused-vars
  1:28  warning  'useRef' is defined but never used     no-unused-vars

/home/tanim/port2/kakeru-gatsby/src/components/Values.js
  14:7  warning  'SectionTitle' is assigned a value but never used
no-unused-vars

✖ 4 problems (1 error, 3 warnings)

[2K[1A[2K[G
 ERROR #98123  WEBPACK.DEVELOP

Generating development JavaScript bundle failed


/home/tanim/port2/kakeru-gatsby/src/components/Events.js
  116:8  error  'SectionTitle' is not defined  react/jsx-no-undef

✖ 3 problems (1 error, 2 warnings)



[2K[1A[2K[Gfailed Re-building development bundle - 0.232s

[2K[1A[2K[GERROR in /home/tanim/port2/kakeru-gatsby/src/components/Events.js
  116:8  error  'SectionTitle' is not defined  react/jsx-no-undef

✖ 3 problems (1 error, 2 warnings)

develop compiled with 1 error

[2K[1A[2K[Gsuccess onPreExtractQueries - 0.002s

[2K[1A[2K[Gsuccess extract queries from components - 0.015s

[2K[1A[2K[Gsuccess write out requires - 0.001s

[2K[1A[2K[Gwarn /home/tanim/port2/kakeru-gatsby/src/components/Values.js
  14:7  warning  'SectionTitle' is assigned a value but never used
no-unused-vars

✖ 1 problem (0 errors, 1 warning)

[2K[1A[2K[Gsuccess Re-building development bundle - 0.213s

[2K[1A[2K[Gsuccess onPreExtractQueries - 0.002s

[2K[1A[2K[Gsuccess extract queries from components - 0.016s

[2K[1A[2K[Gsuccess write out requires - 0.002s

[2K[1A[2K[Gsuccess Re-building development bundle - 0.147s

[2K[1A[2K[Gsuccess onPreExtractQueries - 0.001s

[2K[1A[2K[Gsuccess extract queries from components - 0.021s

[2K[1A[2K[Gsuccess write out requires - 0.001s

[2K[1A[2K[Gwarn /home/tanim/port2/kakeru-gatsby/src/components/Tenants.js
  117:7  warning  'DetailCard' is assigned a value but never used
no-unused-vars

✖ 1 problem (0 errors, 1 warning)

[2K[1A[2K[Gsuccess Re-building development bundle - 0.220s

[2K[1A[2K[Gsuccess onPreExtractQueries - 0.002s

[2K[1A[2K[Gsuccess extract queries from components - 0.022s

[2K[1A[2K[Gsuccess write out requires - 0.002s

[2K[1A[2K[Gwarn /home/tanim/port2/kakeru-gatsby/src/components/CustomCursor.js
  35:7  warning  'CursorTrail' is assigned a value but never used
no-unused-vars

/home/tanim/port2/kakeru-gatsby/src/components/Tenants.js
  117:7  warning  'DetailCard' is assigned a value but never used
no-unused-vars

✖ 2 problems (0 errors, 2 warnings)

[2K[1A[2K[Gsuccess Re-building development bundle - 0.168s

[2K[1A[2K[Gsuccess onPreExtractQueries - 0.004s

[2K[1A[2K[Gsuccess extract queries from components - 0.077s

[2K[1A[2K[Gsuccess write out requires - 0.001s

[2K[1A[2K[Gwarn /home/tanim/port2/kakeru-gatsby/src/components/CustomCursor.js
  35:7  warning  'CursorTrail' is assigned a value but never used
no-unused-vars

/home/tanim/port2/kakeru-gatsby/src/components/Tenants.js
  117:7  warning  'DetailCard' is assigned a value but never used
no-unused-vars

✖ 2 problems (0 errors, 2 warnings)

[2K[1A[2K[Gsuccess Re-building development bundle - 0.260s

[2K[1A[2K[Gsuccess onPreExtractQueries - 0.001s

[2K[1A[2K[Gsuccess extract queries from components - 0.021s

[2K[1A[2K[Gsuccess write out requires - 0.001s

[2K[1A[2K[Gwarn /home/tanim/port2/kakeru-gatsby/src/components/CustomCursor.js
  35:7  warning  'CursorTrail' is assigned a value but never used
no-unused-vars

✖ 1 problem (0 errors, 1 warning)

[2K[1A[2K[Gsuccess Re-building development bundle - 0.131s

[2K[1A[2K[Gsuccess onPreExtractQueries - 0.002s

[2K[1A[2K[Gsuccess extract queries from components - 0.028s

[2K[1A[2K[Gsuccess write out requires - 0.001s

[2K[1A[2K[Gwarn /home/tanim/port2/kakeru-gatsby/src/components/CustomCursor.js
  35:7  warning  'CursorTrail' is assigned a value but never used
no-unused-vars

✖ 1 problem (0 errors, 1 warning)

[2K[1A[2K[Gsuccess Re-building development bundle - 0.159s

[2K[1A[2K[Gsuccess onPreExtractQueries - 0.002s

[2K[1A[2K[Gsuccess extract queries from components - 0.026s

[2K[1A[2K[Gsuccess write out requires - 0.001s

[2K[1A[2K[Gwarn /home/tanim/port2/kakeru-gatsby/src/components/CustomCursor.js
  35:7  warning  'CursorTrail' is assigned a value but never used
no-unused-vars

/home/tanim/port2/kakeru-gatsby/src/components/Footer.js
  92:9  warning  'mapUrl' is assigned a value but never used  no-unused-vars

✖ 2 problems (0 errors, 2 warnings)

[2K[1A[2K[Gsuccess Re-building development bundle - 0.136s

[2K[1A[2K[Gsuccess onPreExtractQueries - 0.001s

[2K[1A[2K[Gsuccess extract queries from components - 0.026s

[2K[1A[2K[Gsuccess write out requires - 0.001s

[2K[1A[2K[Gwarn /home/tanim/port2/kakeru-gatsby/src/components/CustomCursor.js
  35:7  warning  'CursorTrail' is assigned a value but never used
no-unused-vars

/home/tanim/port2/kakeru-gatsby/src/components/Footer.js
  92:9  warning  'mapUrl' is assigned a value but never used  no-unused-vars

✖ 2 problems (0 errors, 2 warnings)

[2K[1A[2K[Gsuccess Re-building development bundle - 0.139s

[2K[1A[2K[Gsuccess onPreExtractQueries - 0.008s

[2K[1A[2K[Gsuccess extract queries from components - 0.054s

[2K[1A[2K[Gsuccess write out requires - 0.003s

[2K[1A[2K[Gwarn /home/tanim/port2/kakeru-gatsby/src/components/CustomCursor.js
  35:7  warning  'CursorTrail' is assigned a value but never used
no-unused-vars

/home/tanim/port2/kakeru-gatsby/src/components/Footer.js
  92:9  warning  'mapUrl' is assigned a value but never used  no-unused-vars

✖ 2 problems (0 errors, 2 warnings)

[2K[1A[2K[Gsuccess Re-building development bundle - 0.620s

[2K[1A[2K[Gsuccess onPreExtractQueries - 0.001s

[2K[1A[2K[Gsuccess extract queries from components - 0.018s

[2K[1A[2K[Gsuccess write out requires - 0.001s

[2K[1A[2K[Gwarn /home/tanim/port2/kakeru-gatsby/src/components/CustomCursor.js
  35:7  warning  'CursorTrail' is assigned a value but never used
no-unused-vars

/home/tanim/port2/kakeru-gatsby/src/components/Footer.js
  92:9  warning  'mapUrl' is assigned a value but never used  no-unused-vars

/home/tanim/port2/kakeru-gatsby/src/pages/index.js
  22:13  warning  'gsap' is assigned a value but never used  no-unused-vars

✖ 3 problems (0 errors, 3 warnings)

[2K[1A[2K[Gsuccess Re-building development bundle - 0.430s

